2021-09-17 14:24:57.4415 INFO Запуск программы File_Backup
2021-09-17 14:24:57.4874 INFO Начало чтения насроек
2021-09-17 14:24:57.6213 INFO Прочитан файл с настройками по пути "C:\Sber_TZ_Vxod\TZ3\File_Backup\File_Backup\Settings.json"
2021-09-17 14:24:57.6213 INFO Начало процесса создания каталогов
2021-09-17 14:24:57.6213 INFO Создан каталог "Пт-17-09-2021 14-24-57"
2021-09-17 14:24:57.6283 INFO Копирование из каталога "C:\Sber_TZ_Vxod\TZ3\FilesIn1"
2021-09-17 14:24:57.6283 INFO Копирование файла "1 — копия.txt" из "C:\Sber_TZ_Vxod\TZ3\FilesIn1\1 — копия.txt" в "C:\Sber_TZ_Vxod\TZ3\FilesOutПт-17-09-2021 14-24-57"
2021-09-17 14:24:57.6283 INFO Копирование файла "1.txt" из "C:\Sber_TZ_Vxod\TZ3\FilesIn1\1.txt" в "C:\Sber_TZ_Vxod\TZ3\FilesOutПт-17-09-2021 14-24-57"
2021-09-17 14:24:57.6283 INFO Копирование файла "1.zip" из "C:\Sber_TZ_Vxod\TZ3\FilesIn1\1.zip" в "C:\Sber_TZ_Vxod\TZ3\FilesOutПт-17-09-2021 14-24-57"
2021-09-17 14:24:57.6283 INFO Копирование файла "Csharp (1).rtf.doc" из "C:\Sber_TZ_Vxod\TZ3\FilesIn1\Csharp (1).rtf.doc" в "C:\Sber_TZ_Vxod\TZ3\FilesOutПт-17-09-2021 14-24-57"
2021-09-17 14:24:57.6283 INFO Копирование файла "desktop.ini" из "C:\Sber_TZ_Vxod\TZ3\FilesIn1\desktop.ini" в "C:\Sber_TZ_Vxod\TZ3\FilesOutПт-17-09-2021 14-24-57"
2021-09-17 14:24:57.6283 INFO Копирование файла "SetupATS.exe" из "C:\Sber_TZ_Vxod\TZ3\FilesIn1\SetupATS.exe" в "C:\Sber_TZ_Vxod\TZ3\FilesOutПт-17-09-2021 14-24-57"
2021-09-17 14:24:57.6283 INFO Копирование файла "VirtualBox-6.1.26-145957-Win.exe" из "C:\Sber_TZ_Vxod\TZ3\FilesIn1\VirtualBox-6.1.26-145957-Win.exe" в "C:\Sber_TZ_Vxod\TZ3\FilesOutПт-17-09-2021 14-24-57"
2021-09-17 14:24:57.8605 INFO Копирование файла "ZoomInstaller.exe" из "C:\Sber_TZ_Vxod\TZ3\FilesIn1\ZoomInstaller.exe" в "C:\Sber_TZ_Vxod\TZ3\FilesOutПт-17-09-2021 14-24-57"
2021-09-17 14:24:57.9113 INFO Копирование файла "Дети Rave - Иногда.mp3" из "C:\Sber_TZ_Vxod\TZ3\FilesIn1\Дети Rave - Иногда.mp3" в "C:\Sber_TZ_Vxod\TZ3\FilesOutПт-17-09-2021 14-24-57"
2021-09-17 14:24:57.9313 INFO Копирование файла "Задание1.docx" из "C:\Sber_TZ_Vxod\TZ3\FilesIn1\Задание1.docx" в "C:\Sber_TZ_Vxod\TZ3\FilesOutПт-17-09-2021 14-24-57"
2021-09-17 14:24:57.9313 INFO Копирование файла "Снимок экрана 2021-09-06 125221.png" из "C:\Sber_TZ_Vxod\TZ3\FilesIn1\Снимок экрана 2021-09-06 125221.png" в "C:\Sber_TZ_Vxod\TZ3\FilesOutПт-17-09-2021 14-24-57"
2021-09-17 14:24:57.9313 INFO Копирование файла "Снимок экрана 2021-09-13 165845.png" из "C:\Sber_TZ_Vxod\TZ3\FilesIn1\Снимок экрана 2021-09-13 165845.png" в "C:\Sber_TZ_Vxod\TZ3\FilesOutПт-17-09-2021 14-24-57"
2021-09-17 14:24:57.9313 INFO Копирование из каталога "C:\Sber_TZ_Vxod\TZ3\FilesIn2"
2021-09-17 14:24:57.9313 INFO Копирование файла "1 — копия.txt" из "C:\Sber_TZ_Vxod\TZ3\FilesIn2\1 — копия.txt" в "C:\Sber_TZ_Vxod\TZ3\FilesOutПт-17-09-2021 14-24-57"
2021-09-17 14:24:57.9313 INFO Копирование файла "2.txt" из "C:\Sber_TZ_Vxod\TZ3\FilesIn2\2.txt" в "C:\Sber_TZ_Vxod\TZ3\FilesOutПт-17-09-2021 14-24-57"
2021-09-17 14:24:57.9403 INFO Копирование файла "2.zip" из "C:\Sber_TZ_Vxod\TZ3\FilesIn2\2.zip" в "C:\Sber_TZ_Vxod\TZ3\FilesOutПт-17-09-2021 14-24-57"
2021-09-17 14:24:57.9403 INFO Копирование файла "ZoomInstaller2.exe" из "C:\Sber_TZ_Vxod\TZ3\FilesIn2\ZoomInstaller2.exe" в "C:\Sber_TZ_Vxod\TZ3\FilesOutПт-17-09-2021 14-24-57"
2021-09-17 14:24:57.9880 INFO Копирование файла "Дети Rave - Иногда2.mp3" из "C:\Sber_TZ_Vxod\TZ3\FilesIn2\Дети Rave - Иногда2.mp3" в "C:\Sber_TZ_Vxod\TZ3\FilesOutПт-17-09-2021 14-24-57"
2021-09-17 14:24:58.2424 INFO Копирование файла "Снимок экрана 2021-09-06 125221(2).png" из "C:\Sber_TZ_Vxod\TZ3\FilesIn2\Снимок экрана 2021-09-06 125221(2).png" в "C:\Sber_TZ_Vxod\TZ3\FilesOutПт-17-09-2021 14-24-57"
2021-09-17 14:24:58.2424 INFO Копирование файла "Снимок экрана 2021-09-13 165845(2).png" из "C:\Sber_TZ_Vxod\TZ3\FilesIn2\Снимок экрана 2021-09-13 165845(2).png" в "C:\Sber_TZ_Vxod\TZ3\FilesOutПт-17-09-2021 14-24-57"
