2021-09-20 13:23:51.9749 INFO Запуск программы File_Backup
2021-09-20 13:23:52.0527 INFO Начало чтения насроек
2021-09-20 13:23:52.2711 DEBUG Прочитан файл с настройками по пути "C:\Sber_TZ_Vxod\TZ3\File_Backup\File_Backup\Settings.json"
2021-09-20 13:23:52.2851 INFO Начало процесса создания каталогов
2021-09-20 13:23:52.2851 DEBUG Создан каталог "Пн-20-09-2021 13-23-52"
2021-09-20 13:23:52.2851 INFO Копирование из каталога "C:\Sber_TZ_Vxod\TZ3\FilesIn1"
2021-09-20 13:23:52.2851 DEBUG Копирование файла "1 — копия.txt" из "C:\Sber_TZ_Vxod\TZ3\FilesIn1\1 — копия.txt" в "C:\Sber_TZ_Vxod\TZ3\FilesOutПн-20-09-2021 13-23-52"
2021-09-20 13:23:52.3509 DEBUG Копирование файла "1.txt" из "C:\Sber_TZ_Vxod\TZ3\FilesIn1\1.txt" в "C:\Sber_TZ_Vxod\TZ3\FilesOutПн-20-09-2021 13-23-52"
2021-09-20 13:23:52.3509 DEBUG Копирование файла "1.zip" из "C:\Sber_TZ_Vxod\TZ3\FilesIn1\1.zip" в "C:\Sber_TZ_Vxod\TZ3\FilesOutПн-20-09-2021 13-23-52"
2021-09-20 13:23:52.3788 DEBUG Копирование файла "Csharp (1).rtf.doc" из "C:\Sber_TZ_Vxod\TZ3\FilesIn1\Csharp (1).rtf.doc" в "C:\Sber_TZ_Vxod\TZ3\FilesOutПн-20-09-2021 13-23-52"
2021-09-20 13:23:52.4058 DEBUG Копирование файла "desktop.ini" из "C:\Sber_TZ_Vxod\TZ3\FilesIn1\desktop.ini" в "C:\Sber_TZ_Vxod\TZ3\FilesOutПн-20-09-2021 13-23-52"
2021-09-20 13:23:52.4147 DEBUG Копирование файла "SetupATS.exe" из "C:\Sber_TZ_Vxod\TZ3\FilesIn1\SetupATS.exe" в "C:\Sber_TZ_Vxod\TZ3\FilesOutПн-20-09-2021 13-23-52"
2021-09-20 13:23:52.5688 DEBUG Копирование файла "VirtualBox-6.1.26-145957-Win.exe" из "C:\Sber_TZ_Vxod\TZ3\FilesIn1\VirtualBox-6.1.26-145957-Win.exe" в "C:\Sber_TZ_Vxod\TZ3\FilesOutПн-20-09-2021 13-23-52"
2021-09-20 13:23:52.9937 DEBUG Копирование файла "ZoomInstaller.exe" из "C:\Sber_TZ_Vxod\TZ3\FilesIn1\ZoomInstaller.exe" в "C:\Sber_TZ_Vxod\TZ3\FilesOutПн-20-09-2021 13-23-52"
2021-09-20 13:23:53.0506 DEBUG Копирование файла "Дети Rave - Иногда.mp3" из "C:\Sber_TZ_Vxod\TZ3\FilesIn1\Дети Rave - Иногда.mp3" в "C:\Sber_TZ_Vxod\TZ3\FilesOutПн-20-09-2021 13-23-52"
2021-09-20 13:23:53.0964 DEBUG Копирование файла "Задание1.docx" из "C:\Sber_TZ_Vxod\TZ3\FilesIn1\Задание1.docx" в "C:\Sber_TZ_Vxod\TZ3\FilesOutПн-20-09-2021 13-23-52"
2021-09-20 13:23:53.0964 DEBUG Копирование файла "Снимок экрана 2021-09-06 125221.png" из "C:\Sber_TZ_Vxod\TZ3\FilesIn1\Снимок экрана 2021-09-06 125221.png" в "C:\Sber_TZ_Vxod\TZ3\FilesOutПн-20-09-2021 13-23-52"
2021-09-20 13:23:53.1224 DEBUG Копирование файла "Снимок экрана 2021-09-13 165845.png" из "C:\Sber_TZ_Vxod\TZ3\FilesIn1\Снимок экрана 2021-09-13 165845.png" в "C:\Sber_TZ_Vxod\TZ3\FilesOutПн-20-09-2021 13-23-52"
2021-09-20 13:23:53.1353 INFO Копирование из каталога "C:\Sber_TZ_Vxod\TZ3\FilesIn2"
2021-09-20 13:23:53.1353 DEBUG Копирование файла "1 — копия.txt" из "C:\Sber_TZ_Vxod\TZ3\FilesIn2\1 — копия.txt" в "C:\Sber_TZ_Vxod\TZ3\FilesOutПн-20-09-2021 13-23-52"
2021-09-20 13:23:53.1423 DEBUG Копирование файла "2.txt" из "C:\Sber_TZ_Vxod\TZ3\FilesIn2\2.txt" в "C:\Sber_TZ_Vxod\TZ3\FilesOutПн-20-09-2021 13-23-52"
2021-09-20 13:23:53.1423 DEBUG Копирование файла "2.zip" из "C:\Sber_TZ_Vxod\TZ3\FilesIn2\2.zip" в "C:\Sber_TZ_Vxod\TZ3\FilesOutПн-20-09-2021 13-23-52"
2021-09-20 13:23:53.1423 DEBUG Копирование файла "ZoomInstaller2.exe" из "C:\Sber_TZ_Vxod\TZ3\FilesIn2\ZoomInstaller2.exe" в "C:\Sber_TZ_Vxod\TZ3\FilesOutПн-20-09-2021 13-23-52"
2021-09-20 13:23:53.1992 DEBUG Копирование файла "Дети Rave - Иногда2.mp3" из "C:\Sber_TZ_Vxod\TZ3\FilesIn2\Дети Rave - Иногда2.mp3" в "C:\Sber_TZ_Vxod\TZ3\FilesOutПн-20-09-2021 13-23-52"
2021-09-20 13:23:53.2460 DEBUG Копирование файла "Снимок экрана 2021-09-06 125221(2).png" из "C:\Sber_TZ_Vxod\TZ3\FilesIn2\Снимок экрана 2021-09-06 125221(2).png" в "C:\Sber_TZ_Vxod\TZ3\FilesOutПн-20-09-2021 13-23-52"
2021-09-20 13:23:53.2620 DEBUG Копирование файла "Снимок экрана 2021-09-13 165845(2).png" из "C:\Sber_TZ_Vxod\TZ3\FilesIn2\Снимок экрана 2021-09-13 165845(2).png" в "C:\Sber_TZ_Vxod\TZ3\FilesOutПн-20-09-2021 13-23-52"
